2014-10-24 20:10:24 Motonori Sakano 月末申請書_ED14_坂野元則_201410.xlsをアップロードしました。
2014-10-24 20:13:30 Motonori Sakano 月末申請書_ED14_坂野元則_201410.xlsをアップロードしました。
2014-10-24 20:23:26 Motonori Sakano 月末申請書_ED14_坂野元則_201410.xlsをアップロードしました。
2014-10-24 20:28:29 Motonori Sakano ファイルが選択されていません。
2014-10-24 20:28:41 Motonori Sakano 月末申請書_ED14_坂野元則_201410.xlsをアップロードしました。
2014-10-24 20:30:07 Motonori Sakano 月末申請書_ED14_坂野元則_201410.xlsをアップロードしました。
2014-10-24 20:30:19 Motonori Sakano 月末申請書_ED14_坂野元則_201410.xlsをアップロードしました。
2014-10-24 20:31:40 Motonori Sakano 月末申請書_ED14_坂野元則_201410.xlsをアップロードしました。
2014-10-24 20:35:41 Motonori Sakano 月末申請書_ED14_坂野元則_201410.xlsをアップロードしました。
2014-10-24 20:36:01 Motonori Sakano 月末申請書_ED14_坂野元則_201410.xlsをアップロードしました。
2014-10-24 22:22:50 Motonori Sakano 月末申請書_ED14_坂野元則_201410.xlsをアップロードしました。
2014-10-24 22:24:14 Motonori Sakano 月末申請書_ED14_坂野元則_201410.xlsをアップロードしました。
2014-10-24 22:27:25 Motonori Sakano 月末申請書_ED14_坂野元則_201410.xlsをアップロードしました。
2014-10-24 22:27:33 Motonori Sakano 1
2014-10-24 22:27:33 Motonori Sakano 2
2014-10-24 22:27:33 Motonori Sakano 3
2014-10-24 22:27:33 Motonori Sakano 4
2014-10-24 22:29:34 Motonori Sakano 月末申請書_ED14_坂野元則_201410.xlsをアップロードしました。
2014-10-24 22:29:42 Motonori Sakano 1
2014-10-24 22:29:42 Motonori Sakano 2
2014-10-24 22:29:42 Motonori Sakano 3
2014-10-24 22:29:42 Motonori Sakano 4
2014-10-24 22:29:42 Motonori Sakano 5
2014-10-24 22:29:42 Motonori Sakano 6
2014-10-24 22:38:37 Motonori Sakano 月末申請書_ED14_坂野元則_201410.xlsをアップロードしました。
2014-10-24 22:39:26 Motonori Sakano 月末申請書_ED14_坂野元則_201410.xlsをアップロードしました。
2014-10-24 22:39:34 Motonori Sakano 1
2014-10-24 22:39:34 Motonori Sakano 2
2014-10-24 22:39:34 Motonori Sakano 3
2014-10-24 22:39:34 Motonori Sakano 4
2014-10-24 22:39:34 Motonori Sakano 5
2014-10-24 22:39:34 Motonori Sakano 6
2014-10-24 22:43:38 Motonori Sakano 月末申請書_ED14_坂野元則_201410.xlsをアップロードしました。
2014-10-24 22:44:16 Motonori Sakano 月末申請書_ED14_坂野元則_201410.xlsをアップロードしました。
2014-10-24 22:44:43 Motonori Sakano 月末申請書_ED14_坂野元則_201410.xlsをアップロードしました。
2014-10-24 22:44:51 Motonori Sakano 1
2014-10-24 22:44:51 Motonori Sakano 2
2014-10-24 22:44:51 Motonori Sakano 3
2014-10-24 22:44:51 Motonori Sakano 4
2014-10-24 22:44:51 Motonori Sakano 5
2014-10-24 22:44:51 Motonori Sakano 6
2014-10-24 22:49:37 Motonori Sakano 月末申請書_ED14_坂野元則_201410.xlsをアップロードしました。
2014-10-24 22:49:45 Motonori Sakano 1
2014-10-24 22:49:45 Motonori Sakano 2
2014-10-24 22:49:45 Motonori Sakano 3
2014-10-24 22:49:45 Motonori Sakano 4
2014-10-24 22:49:45 Motonori Sakano 5
2014-10-24 22:49:45 Motonori Sakano 6
2014-10-24 22:50:44 Motonori Sakano 月末申請書_ED14_坂野元則_201410.xlsをアップロードしました。
2014-10-24 22:50:52 Motonori Sakano 1
2014-10-24 22:50:52 Motonori Sakano 2
2014-10-24 22:50:52 Motonori Sakano 3
2014-10-24 22:50:52 Motonori Sakano 4
2014-10-24 22:50:52 Motonori Sakano 5
2014-10-24 22:50:52 Motonori Sakano 6
2014-10-26 18:52:09 Motonori Sakano 月末申請書_ED14_坂野元則_201410.xlsをアップロードしました。
2014-10-26 18:52:17 Motonori Sakano 1
2014-10-26 18:52:17 Motonori Sakano 2
2014-10-26 18:52:17 Motonori Sakano 3
2014-10-26 18:52:17 Motonori Sakano 4
2014-10-26 18:52:17 Motonori Sakano 5
2014-10-26 18:52:17 Motonori Sakano 6
2014-10-26 18:54:38 Motonori Sakano 月末申請書_ED14_坂野元則_201410.xlsをアップロードしました。
2014-10-26 18:54:46 Motonori Sakano 1
2014-10-26 18:54:46 Motonori Sakano 2
2014-10-26 18:54:46 Motonori Sakano 3
2014-10-26 18:54:46 Motonori Sakano 4
2014-10-26 18:54:46 Motonori Sakano 5
2014-10-26 18:54:46 Motonori Sakano 株式会社BFT
2014-10-26 18:54:46 Motonori Sakano 株式会社BFT
2014-10-26 18:54:46 Motonori Sakano 6
2014-10-26 18:58:37 Motonori Sakano 月末申請書_ED14_坂野元則_201410.xlsをアップロードしました。
2014-10-26 18:58:46 Motonori Sakano 1
2014-10-26 18:58:46 Motonori Sakano 2
2014-10-26 18:58:46 Motonori Sakano 3
2014-10-26 18:58:46 Motonori Sakano 4
2014-10-26 18:58:46 Motonori Sakano 5
2014-10-26 18:58:46 Motonori Sakano 41913
2014-10-26 18:58:46 Motonori Sakano 株式会社BFT
2014-10-26 18:58:46 Motonori Sakano 三室
2014-10-26 18:58:46 Motonori Sakano 坂野元則
2014-10-26 18:58:46 Motonori Sakano 0.0006944444444444445
2014-10-26 18:58:46 Motonori Sakano 0.375
2014-10-26 18:58:46 Motonori Sakano 0.7291666666666666
2014-10-26 18:58:46 Motonori Sakano 12:00-13:00
2014-10-26 18:58:46 Motonori Sakano 伊藤忠テクノソリューションズ
2014-10-26 18:58:46 Motonori Sakano 通信キャリア向け共通基盤増設提案
2014-10-26 18:58:46 Motonori Sakano m-sakano@bfts.co.jp
2014-10-26 18:58:46 Motonori Sakano 6
2014-10-26 19:12:11 Motonori Sakano 月末申請書_ED14_坂野元則_201410.xlsをアップロードしました。
2014-10-26 19:12:20 Motonori Sakano 1
2014-10-26 19:12:20 Motonori Sakano 2
2014-10-26 19:12:20 Motonori Sakano 3
2014-10-26 19:12:20 Motonori Sakano 4
2014-10-26 19:12:20 Motonori Sakano 5
2014-10-26 19:12:20 Motonori Sakano 2014-10-01
2014-10-26 19:12:20 Motonori Sakano 株式会社BFT
2014-10-26 19:12:20 Motonori Sakano 三室
2014-10-26 19:12:20 Motonori Sakano 坂野元則
2014-10-26 19:12:20 Motonori Sakano 0.0006944444444444445
2014-10-26 19:12:20 Motonori Sakano 9:00
2014-10-26 19:12:20 Motonori Sakano 17:30
2014-10-26 19:12:20 Motonori Sakano 12:00-13:00
2014-10-26 19:12:20 Motonori Sakano 伊藤忠テクノソリューションズ
2014-10-26 19:12:20 Motonori Sakano 通信キャリア向け共通基盤増設提案
2014-10-26 19:12:20 Motonori Sakano m-sakano@bfts.co.jp
2014-10-26 19:12:20 Motonori Sakano 6
2014-10-26 19:17:30 Motonori Sakano 月末申請書_ED14_坂野元則_201410.xlsをアップロードしました。
2014-10-26 19:17:38 Motonori Sakano 1
2014-10-26 19:17:38 Motonori Sakano 2
2014-10-26 19:17:38 Motonori Sakano 3
2014-10-26 19:17:38 Motonori Sakano 4
2014-10-26 19:17:38 Motonori Sakano 5
2014-10-26 19:17:38 Motonori Sakano 7
2014-10-26 19:17:38 Motonori Sakano 7
2014-10-26 19:17:38 Motonori Sakano 2014-10-01
2014-10-26 19:17:38 Motonori Sakano 2014-10-01
2014-10-26 19:17:38 Motonori Sakano 株式会社BFT
2014-10-26 19:17:38 Motonori Sakano 株式会社BFT
2014-10-26 19:17:38 Motonori Sakano 三室
2014-10-26 19:17:38 Motonori Sakano 三室
2014-10-26 19:17:38 Motonori Sakano 坂野元則
2014-10-26 19:17:38 Motonori Sakano 坂野元則
2014-10-26 19:17:38 Motonori Sakano 00:01:00
2014-10-26 19:17:38 Motonori Sakano 00:01:00
2014-10-26 19:17:38 Motonori Sakano 09:00:00
2014-10-26 19:17:38 Motonori Sakano 09:00:00
2014-10-26 19:17:38 Motonori Sakano 17:30:00
2014-10-26 19:17:38 Motonori Sakano 17:30:00
2014-10-26 19:17:38 Motonori Sakano 12:00-13:00
2014-10-26 19:17:38 Motonori Sakano 12:00-13:00
2014-10-26 19:17:38 Motonori Sakano 伊藤忠テクノソリューションズ
2014-10-26 19:17:38 Motonori Sakano 伊藤忠テクノソリューションズ
2014-10-26 19:17:38 Motonori Sakano 通信キャリア向け共通基盤増設提案
2014-10-26 19:17:38 Motonori Sakano 通信キャリア向け共通基盤増設提案
2014-10-26 19:17:38 Motonori Sakano m-sakano@bfts.co.jp
2014-10-26 19:17:38 Motonori Sakano m-sakano@bfts.co.jp
2014-10-26 19:17:38 Motonori Sakano 2014-10-26 19:17:38
2014-10-26 19:17:38 Motonori Sakano 2014-10-26 19:17:38
2014-10-26 19:17:38 Motonori Sakano 2014-10-26 19:17:38
2014-10-26 19:17:38 Motonori Sakano 2014-10-26 19:17:38
2014-10-26 19:17:38 Motonori Sakano 6
2014-10-26 19:20:39 Motonori Sakano 月末申請書_ED14_坂野元則_201410.xlsをアップロードしました。
2014-10-26 19:20:48 Motonori Sakano 1
2014-10-26 19:20:48 Motonori Sakano 2
2014-10-26 19:20:48 Motonori Sakano 3
2014-10-26 19:20:48 Motonori Sakano 4
2014-10-26 19:20:48 Motonori Sakano 5
2014-10-26 19:20:48 Motonori Sakano 8
2014-10-26 19:20:48 Motonori Sakano 8
2014-10-26 19:20:48 Motonori Sakano 2014-10-01
2014-10-26 19:20:48 Motonori Sakano 2014-10-01
2014-10-26 19:20:48 Motonori Sakano 株式会社BFT
2014-10-26 19:20:48 Motonori Sakano 株式会社BFT
2014-10-26 19:20:48 Motonori Sakano 三室
2014-10-26 19:20:48 Motonori Sakano 三室
2014-10-26 19:20:48 Motonori Sakano 坂野元則
2014-10-26 19:20:48 Motonori Sakano 坂野元則
2014-10-26 19:20:48 Motonori Sakano 00:01:00
2014-10-26 19:20:48 Motonori Sakano 00:01:00
2014-10-26 19:20:48 Motonori Sakano 09:00:00
2014-10-26 19:20:48 Motonori Sakano 09:00:00
2014-10-26 19:20:48 Motonori Sakano 17:30:00
2014-10-26 19:20:48 Motonori Sakano 17:30:00
2014-10-26 19:20:48 Motonori Sakano 12:00-13:00
2014-10-26 19:20:48 Motonori Sakano 12:00-13:00
2014-10-26 19:20:48 Motonori Sakano 伊藤忠テクノソリューションズ
2014-10-26 19:20:48 Motonori Sakano 伊藤忠テクノソリューションズ
2014-10-26 19:20:48 Motonori Sakano 通信キャリア向け共通基盤増設提案
2014-10-26 19:20:48 Motonori Sakano 通信キャリア向け共通基盤増設提案
2014-10-26 19:20:48 Motonori Sakano m-sakano@bfts.co.jp
2014-10-26 19:20:48 Motonori Sakano m-sakano@bfts.co.jp
2014-10-26 19:20:48 Motonori Sakano 2014-10-26 19:20:48
2014-10-26 19:20:48 Motonori Sakano 2014-10-26 19:20:48
2014-10-26 19:20:48 Motonori Sakano 2014-10-26 19:20:48
2014-10-26 19:20:48 Motonori Sakano 2014-10-26 19:20:48
2014-10-26 19:20:48 Motonori Sakano 6
2014-10-26 19:22:24 Motonori Sakano 月末申請書_ED14_坂野元則_201410.xlsをアップロードしました。
2014-10-26 19:22:32 Motonori Sakano 1
2014-10-26 19:22:32 Motonori Sakano 2
2014-10-26 19:22:32 Motonori Sakano 3
2014-10-26 19:22:32 Motonori Sakano 4
2014-10-26 19:22:32 Motonori Sakano 5
2014-10-26 19:22:32 Motonori Sakano 6
2014-10-26 19:33:01 Motonori Sakano 月末申請書_ED14_坂野元則_201410.xlsをアップロードしました。
2014-10-26 19:33:09 Motonori Sakano 10
2014-10-26 19:33:09 Motonori Sakano 10
2014-10-26 19:33:09 Motonori Sakano 2014-10-01
2014-10-26 19:33:09 Motonori Sakano 2014-10-01
2014-10-26 19:33:09 Motonori Sakano 株式会社BFT
2014-10-26 19:33:09 Motonori Sakano 株式会社BFT
2014-10-26 19:33:09 Motonori Sakano 三室
2014-10-26 19:33:09 Motonori Sakano 三室
2014-10-26 19:33:09 Motonori Sakano 坂野元則
2014-10-26 19:33:09 Motonori Sakano 坂野元則
2014-10-26 19:33:09 Motonori Sakano 00:01:00
2014-10-26 19:33:09 Motonori Sakano 00:01:00
2014-10-26 19:33:09 Motonori Sakano 09:00:00
2014-10-26 19:33:09 Motonori Sakano 09:00:00
2014-10-26 19:33:09 Motonori Sakano 17:30:00
2014-10-26 19:33:09 Motonori Sakano 17:30:00
2014-10-26 19:33:09 Motonori Sakano 12:00-13:00
2014-10-26 19:33:09 Motonori Sakano 12:00-13:00
2014-10-26 19:33:09 Motonori Sakano 伊藤忠テクノソリューションズ
2014-10-26 19:33:09 Motonori Sakano 伊藤忠テクノソリューションズ
2014-10-26 19:33:09 Motonori Sakano 通信キャリア向け共通基盤増設提案
2014-10-26 19:33:09 Motonori Sakano 通信キャリア向け共通基盤増設提案
2014-10-26 19:33:09 Motonori Sakano m-sakano@bfts.co.jp
2014-10-26 19:33:09 Motonori Sakano m-sakano@bfts.co.jp
2014-10-26 19:33:09 Motonori Sakano 2014-10-26 19:33:09
2014-10-26 19:33:09 Motonori Sakano 2014-10-26 19:33:09
2014-10-26 19:33:09 Motonori Sakano 2014-10-26 19:33:09
2014-10-26 19:33:09 Motonori Sakano 2014-10-26 19:33:09
2014-10-26 19:33:09 Motonori Sakano 6
